8/15/2018 7:36:15 PM	This log contains information about the import schema operation into project 'PatientDB' on computer 'DESKTOP-BRM0244' by user 'Macadamian'.
8/15/2018 7:36:15 PM	Import of database schema has started.
8/15/2018 7:36:27 PM	Gathering database credentials
8/15/2018 7:36:27 PM	Gathering database options
8/15/2018 7:36:27 PM	Gathering generic database scoped configuration option
8/15/2018 7:36:27 PM	Gathering users
8/15/2018 7:36:27 PM	Gathering roles
8/15/2018 7:36:27 PM	Gathering application roles
8/15/2018 7:36:27 PM	Gathering role memberships
8/15/2018 7:36:27 PM	Gathering filegroups
8/15/2018 7:36:27 PM	Gathering full-text catalogs
8/15/2018 7:36:27 PM	Gathering assemblies
8/15/2018 7:36:27 PM	Gathering certificates
8/15/2018 7:36:27 PM	Gathering asymmetric keys
8/15/2018 7:36:27 PM	Gathering symmetric keys
8/15/2018 7:36:27 PM	Gathering encrypted symmetric keys
8/15/2018 7:36:27 PM	Gathering schemas
8/15/2018 7:36:27 PM	Gathering XML schema collections
8/15/2018 7:36:27 PM	Gathering user-defined data types
8/15/2018 7:36:27 PM	Gathering user-defined types
8/15/2018 7:36:27 PM	Gathering table types
8/15/2018 7:36:27 PM	Gathering unique keys for table types
8/15/2018 7:36:27 PM	Gathering primary keys for table types
8/15/2018 7:36:27 PM	Gathering indexes for table types
8/15/2018 7:36:27 PM	Gathering check constraints for table types
8/15/2018 7:36:27 PM	Gathering default constraints for table types
8/15/2018 7:36:27 PM	Gathering partition functions
8/15/2018 7:36:27 PM	Gathering partition schemes
8/15/2018 7:36:27 PM	Gathering functions
8/15/2018 7:36:27 PM	Gathering encrypted functions
8/15/2018 7:36:27 PM	Gathering aggregates
8/15/2018 7:36:27 PM	Gathering procedures
8/15/2018 7:36:27 PM	Gathering encrypted procedures
8/15/2018 7:36:27 PM	Gathering tables
8/15/2018 7:36:27 PM	Gathering primary keys
8/15/2018 7:36:27 PM	Gathering unique constraints
8/15/2018 7:36:27 PM	Gathering foreign keys
8/15/2018 7:36:27 PM	Gathering default constraints
8/15/2018 7:36:27 PM	Gathering check constraints
8/15/2018 7:36:27 PM	Gathering views
8/15/2018 7:36:27 PM	Gathering encrypted views
8/15/2018 7:36:27 PM	Gathering indexes
8/15/2018 7:36:27 PM	Gathering statistics
8/15/2018 7:36:27 PM	Gathering full-text index stoplists
8/15/2018 7:36:27 PM	Gathering search property lists
8/15/2018 7:36:27 PM	Gathering search properties
8/15/2018 7:36:27 PM	Gathering full-text indexes
8/15/2018 7:36:27 PM	Gathering column store indexes
8/15/2018 7:36:27 PM	Gathering spatial indexes
8/15/2018 7:36:27 PM	Gathering XML indexes
8/15/2018 7:36:27 PM	Gathering Selective XML indexes
8/15/2018 7:36:27 PM	Gathering encrypted triggers
8/15/2018 7:36:27 PM	Gathering triggers
8/15/2018 7:36:27 PM	Gathering encrypted and clr ddl triggers
8/15/2018 7:36:27 PM	Gathering ddl triggers
8/15/2018 7:36:27 PM	Gathering synonyms
8/15/2018 7:36:27 PM	Gathering defaults
8/15/2018 7:36:27 PM	Gathering data constraint uddt bindings
8/15/2018 7:36:27 PM	Gathering rules
8/15/2018 7:36:27 PM	Gathering data constraint uddt bindings
8/15/2018 7:36:27 PM	Gathering message types
8/15/2018 7:36:27 PM	Gathering queues
8/15/2018 7:36:27 PM	Gathering contracts
8/15/2018 7:36:27 PM	Gathering services
8/15/2018 7:36:27 PM	Gathering event notifications
8/15/2018 7:36:27 PM	Gathering remote service bindings
8/15/2018 7:36:27 PM	Gathering broker priorities
8/15/2018 7:36:27 PM	Gathering signatures
8/15/2018 7:36:27 PM	Gathering data compression options
8/15/2018 7:36:27 PM	Gathering sequence types
8/15/2018 7:36:27 PM	Gathering security policies
8/15/2018 7:36:27 PM	Gather column encryption keys
8/15/2018 7:36:27 PM	Gathering column master keys
8/15/2018 7:36:27 PM	Gathering external data sources
8/15/2018 7:36:27 PM	Gathering external file formats
8/15/2018 7:36:27 PM	Gathering external tables
8/15/2018 7:36:27 PM	Gathering extended properties
8/15/2018 7:36:27 PM	Gathering credentials
8/15/2018 7:36:27 PM	Gathering logins
8/15/2018 7:36:27 PM	Gathering server audits
8/15/2018 7:36:28 PM	Scanning project for duplicate elements
8/15/2018 7:36:28 PM	Finished duplicate element processing
8/15/2018 7:36:28 PM	Finished importing database.
8/15/2018 7:36:28 PM	A summary of the import was saved to the following location: C:\Users\Macadamian\source\repos\PacientApp\PatientDB\Import Schema Logs\PatientDB_20180815043615.log
8/15/2018 7:36:28 PM	Click Finish to continue...
